--- Routes Debug Start ---
Starting Google Chrome in headless debug mode...
Navigating to http://localhost:5174...
[Browser Console]: [vite] connecting...
[Browser Console]: [vite] connected.
[Browser Console]: VunaShorts initializing...
[Browser Console]: mountSplash called
[Browser Console]: mountSplash timeout fired
[Browser Console]: langSelect element found: true
[Browser Console]: Removed hidden class from lang-select
Page loaded. Waiting 2.5s for splash screen timeout...
[Browser Console]: [vite] connecting...
[Browser Console]: VunaShorts initializing...
[Browser Console]: mountSplash called
[Browser Console]: [vite] connected.
[Browser Console]: mountSplash timeout fired
[Browser Console]: langSelect element found: true
[Browser Console]: Removed hidden class from lang-select
Clicking English button...
English click result: Clicked English
Waiting 1s for auth screen...
Clicking Google Sign-in...
Google Sign-in click result: undefined
Waiting 2s for home feed...
Navigating to route: home...
--- ROUTE: home ---
HTML Length: 10340
Screen innerHTML length for home: 6414
Navigating to route: discover...
--- ROUTE: discover ---
HTML Length: 56896
Screen innerHTML length for discover: undefined
Navigating to route: creator-studio...
--- ROUTE: creator-studio ---
HTML Length: 44744
Screen innerHTML length for creator-studio: undefined
Navigating to route: crowdfunding...
--- ROUTE: crowdfunding ---
HTML Length: 20033
Screen innerHTML length for crowdfunding: undefined
Navigating to route: profile...
--- ROUTE: profile ---
HTML Length: 22209
Screen innerHTML length for profile: undefined
Navigating to route: watch-party...
--- ROUTE: watch-party ---
HTML Length: 17600
Screen innerHTML length for watch-party: undefined
Navigating to route: ai-engine...
--- ROUTE: ai-engine ---
HTML Length: 9196
Screen innerHTML length for ai-engine: undefined
Navigating to route: marketplace...
--- ROUTE: marketplace ---
HTML Length: 21666
Screen innerHTML length for marketplace: undefined
Navigating to route: admin...
--- ROUTE: admin ---
HTML Length: 17174
Screen innerHTML length for admin: undefined
Navigating to route: premium...
--- ROUTE: premium ---
HTML Length: 14242
Screen innerHTML length for premium: undefined
All route tests complete! Closing debugger.
